d:\users\maxime\onedrive - lecnam\vidock\vidocklab\vidocklab\x64\release\vc142.pdb
d:\users\maxime\onedrive - lecnam\vidock\vidocklab\vidocklab\x64\release\pdbfile.obj
d:\users\maxime\onedrive - lecnam\vidock\vidocklab\vidocklab\x64\release\ioutils.obj
d:\users\maxime\onedrive - lecnam\vidock\vidocklab\vidocklab\x64\release\userinterface.obj
d:\users\maxime\onedrive - lecnam\vidock\vidocklab\vidocklab\x64\release\residue.obj
d:\users\maxime\onedrive - lecnam\vidock\vidocklab\vidocklab\x64\release\moleculestatic.obj
d:\users\maxime\onedrive - lecnam\vidock\vidocklab\vidocklab\x64\release\moleculedynamic.obj
d:\users\maxime\onedrive - lecnam\vidock\vidocklab\vidocklab\x64\release\atom.obj
d:\users\maxime\onedrive - lecnam\vidock\vidocklab\vidocklab\x64\release\aabb.obj
d:\users\maxime\onedrive - lecnam\vidock\vidocklab\vidocklab\x64\release\mmtfreader.obj
d:\users\maxime\onedrive - lecnam\vidock\vidocklab\vidocklab\x64\release\arcreader.obj
d:\users\maxime\onedrive - lecnam\vidock\vidocklab\vidocklab\x64\release\glslprogrammanager.obj
d:\users\maxime\onedrive - lecnam\vidock\vidocklab\vidocklab\x64\release\glslprogram.obj
d:\users\maxime\onedrive - lecnam\vidock\vidocklab\vidocklab\x64\release\gbuffers.obj
d:\users\maxime\onedrive - lecnam\vidock\vidocklab\vidocklab\x64\release\bboxrep.obj
d:\users\maxime\onedrive - lecnam\vidock\vidocklab\vidocklab\x64\release\ballandstickrepdeferred.obj
d:\users\maxime\onedrive - lecnam\vidock\vidocklab\vidocklab\x64\release\ballandstickrep.obj
d:\users\maxime\onedrive - lecnam\vidock\vidocklab\vidocklab\x64\release\appconfig.obj
d:\users\maxime\onedrive - lecnam\vidock\vidocklab\vidocklab\x64\release\acamera.obj
d:\users\maxime\onedrive - lecnam\vidock\vidocklab\vidocklab\x64\release\imgui_widgets.obj
d:\users\maxime\onedrive - lecnam\vidock\vidocklab\vidocklab\x64\release\imgui_impl_sdl.obj
d:\users\maxime\onedrive - lecnam\vidock\vidocklab\vidocklab\x64\release\imgui_impl_opengl3.obj
d:\users\maxime\onedrive - lecnam\vidock\vidocklab\vidocklab\x64\release\imgui_draw.obj
d:\users\maxime\onedrive - lecnam\vidock\vidocklab\vidocklab\x64\release\imgui_demo.obj
d:\users\maxime\onedrive - lecnam\vidock\vidocklab\vidocklab\x64\release\imgui.obj
d:\users\maxime\onedrive - lecnam\vidock\vidocklab\vidocklab\x64\release\wirerep.obj
d:\users\maxime\onedrive - lecnam\vidock\vidocklab\vidocklab\x64\release\window.obj
d:\users\maxime\onedrive - lecnam\vidock\vidocklab\vidocklab\x64\release\vdwspheressborep.obj
d:\users\maxime\onedrive - lecnam\vidock\vidocklab\vidocklab\x64\release\vdwsphererepgeomshaderdeferred.obj
d:\users\maxime\onedrive - lecnam\vidock\vidocklab\vidocklab\x64\release\vdwsphererepgeomshader.obj
d:\users\maxime\onedrive - lecnam\vidock\vidocklab\vidocklab\x64\release\vdwspherepointspritesrep.obj
d:\users\maxime\onedrive - lecnam\vidock\vidocklab\vidocklab\x64\release\main.obj
d:\users\maxime\onedrive - lecnam\vidock\vidocklab\vidocklab\x64\release\renderer.obj
d:\users\maxime\onedrive - lecnam\vidock\vidocklab\vidocklab\x64\release\app.obj
d:\users\maxime\onedrive - lecnam\vidock\vidocklab\x64\release\sdl2.dll
d:\users\maxime\onedrive - lecnam\vidock\vidocklab\vidocklab\x64\release\vidocklab.tlog\cl.command.1.tlog
d:\users\maxime\onedrive - lecnam\vidock\vidocklab\vidocklab\x64\release\vidocklab.tlog\cl.read.1.tlog
d:\users\maxime\onedrive - lecnam\vidock\vidocklab\vidocklab\x64\release\vidocklab.tlog\cl.write.1.tlog
d:\users\maxime\onedrive - lecnam\vidock\vidocklab\vidocklab\x64\release\vidocklab.tlog\copyfile.command.1.tlog
d:\users\maxime\onedrive - lecnam\vidock\vidocklab\vidocklab\x64\release\vidocklab.tlog\copyfile.read.1.tlog
d:\users\maxime\onedrive - lecnam\vidock\vidocklab\vidocklab\x64\release\vidocklab.tlog\copyfile.write.1.tlog
