d:\users\maxime\documents\code\vidocklab\vidocklab\x64\debug\vc141.pdb
d:\users\maxime\documents\code\vidocklab\vidocklab\x64\debug\vc141.idb
d:\users\maxime\documents\code\vidocklab\vidocklab\x64\debug\app.obj
d:\users\maxime\documents\code\vidocklab\vidocklab\x64\debug\vdwsphererep.obj
d:\users\maxime\documents\code\vidocklab\vidocklab\x64\debug\main.obj
d:\users\maxime\documents\code\vidocklab\vidocklab\x64\debug\pdbfile.obj
d:\users\maxime\documents\code\vidocklab\vidocklab\x64\debug\scene.obj
d:\users\maxime\documents\code\vidocklab\vidocklab\x64\debug\renderer.obj
d:\users\maxime\documents\code\vidocklab\vidocklab\x64\debug\molecule.obj
d:\users\maxime\documents\code\vidocklab\vidocklab\x64\debug\atom.obj
d:\users\maxime\documents\code\vidocklab\vidocklab\x64\debug\glslprogrammanager.obj
d:\users\maxime\documents\code\vidocklab\vidocklab\x64\debug\imgui_impl_sdl.obj
d:\users\maxime\documents\code\vidocklab\vidocklab\x64\debug\imgui_impl_opengl3.obj
d:\users\maxime\documents\code\vidocklab\vidocklab\x64\debug\imgui_draw.obj
d:\users\maxime\documents\code\vidocklab\vidocklab\x64\debug\imgui_demo.obj
d:\users\maxime\documents\code\vidocklab\vidocklab\x64\debug\imgui.obj
d:\users\maxime\documents\code\vidocklab\vidocklab\x64\debug\window.obj
d:\users\maxime\documents\code\vidocklab\vidocklab\x64\debug\ioutils.obj
d:\users\maxime\documents\code\vidocklab\vidocklab\x64\debug\userinterface.obj
d:\users\maxime\documents\code\vidocklab\vidocklab\x64\debug\aabb.obj
d:\users\maxime\documents\code\vidocklab\vidocklab\x64\debug\glslprogram.obj
d:\users\maxime\documents\code\vidocklab\vidocklab\x64\debug\appconfig.obj
d:\users\maxime\documents\code\vidocklab\vidocklab\x64\debug\imgui_widgets.obj
d:\users\maxime\documents\code\vidocklab\vidocklab\x64\debug\gl3w.obj
d:\users\maxime\onedrive - lecnam\vidock\vidocklab\vidocklab\x64\debug\vc141.pdb
d:\users\maxime\onedrive - lecnam\vidock\vidocklab\vidocklab\x64\debug\vc141.idb
d:\users\maxime\onedrive - lecnam\vidock\vidocklab\vidocklab\x64\debug\imgui.obj
d:\users\maxime\onedrive - lecnam\vidock\vidocklab\vidocklab\x64\debug\window.obj
d:\users\maxime\onedrive - lecnam\vidock\vidocklab\vidocklab\x64\debug\pdbfile.obj
d:\users\maxime\onedrive - lecnam\vidock\vidocklab\vidocklab\x64\debug\ioutils.obj
d:\users\maxime\onedrive - lecnam\vidock\vidocklab\vidocklab\x64\debug\userinterface.obj
d:\users\maxime\onedrive - lecnam\vidock\vidocklab\vidocklab\x64\debug\scene.obj
d:\users\maxime\onedrive - lecnam\vidock\vidocklab\vidocklab\x64\debug\renderer.obj
d:\users\maxime\onedrive - lecnam\vidock\vidocklab\vidocklab\x64\debug\molecule.obj
d:\users\maxime\onedrive - lecnam\vidock\vidocklab\vidocklab\x64\debug\atom2.obj
d:\users\maxime\onedrive - lecnam\vidock\vidocklab\vidocklab\x64\debug\atom.obj
d:\users\maxime\onedrive - lecnam\vidock\vidocklab\vidocklab\x64\debug\aabb.obj
d:\users\maxime\onedrive - lecnam\vidock\vidocklab\vidocklab\x64\debug\glslprogram.obj
d:\users\maxime\onedrive - lecnam\vidock\vidocklab\vidocklab\x64\debug\appconfig.obj
d:\users\maxime\onedrive - lecnam\vidock\vidocklab\vidocklab\x64\debug\acamera.obj
d:\users\maxime\onedrive - lecnam\vidock\vidocklab\vidocklab\x64\debug\imgui_demo.obj
d:\users\maxime\onedrive - lecnam\vidock\vidocklab\vidocklab\x64\debug\imgui_widgets.obj
d:\users\maxime\onedrive - lecnam\vidock\vidocklab\vidocklab\x64\debug\imgui_impl_sdl.obj
d:\users\maxime\onedrive - lecnam\vidock\vidocklab\vidocklab\x64\debug\imgui_impl_opengl3.obj
d:\users\maxime\onedrive - lecnam\vidock\vidocklab\vidocklab\x64\debug\imgui_draw.obj
d:\users\maxime\onedrive - lecnam\vidock\vidocklab\x64\debug\sdl2.dll
d:\users\maxime\documents\code\vidocklab\x64\debug\vidocklab.exe
d:\users\maxime\documents\code\vidocklab\x64\debug\vidocklab.ilk
d:\users\maxime\documents\code\vidocklab\x64\debug\vidocklab.pdb
d:\users\maxime\onedrive - lecnam\vidock\vidocklab\vidocklab\x64\debug\app.obj
d:\users\maxime\onedrive - lecnam\vidock\vidocklab\vidocklab\x64\debug\gl3w.obj
d:\users\maxime\onedrive - lecnam\vidock\vidocklab\vidocklab\x64\debug\glslprogrammanager.obj
d:\users\maxime\onedrive - lecnam\vidock\vidocklab\vidocklab\x64\debug\main.obj
d:\users\maxime\onedrive - lecnam\vidock\vidocklab\vidocklab\x64\debug\vdwsphererep.obj
d:\users\maxime\onedrive - lecnam\vidock\vidocklab\vidocklab\x64\debug\userinterface.obj.enc
d:\users\maxime\onedrive - lecnam\vidock\vidocklab\x64\debug\vidocklab.pdb
d:\users\maxime\onedrive - lecnam\vidock\vidocklab\x64\debug\vidocklab.exe
d:\users\maxime\onedrive - lecnam\vidock\vidocklab\x64\debug\vidocklab.ilk
d:\users\maxime\onedrive - lecnam\vidock\vidocklab\vidocklab\x64\debug\vidocklab.tlog\cl.command.1.tlog
d:\users\maxime\onedrive - lecnam\vidock\vidocklab\vidocklab\x64\debug\vidocklab.tlog\cl.read.1.tlog
d:\users\maxime\onedrive - lecnam\vidock\vidocklab\vidocklab\x64\debug\vidocklab.tlog\cl.write.1.tlog
d:\users\maxime\onedrive - lecnam\vidock\vidocklab\vidocklab\x64\debug\vidocklab.tlog\copyfile.command.1.tlog
d:\users\maxime\onedrive - lecnam\vidock\vidocklab\vidocklab\x64\debug\vidocklab.tlog\copyfile.read.1.tlog
d:\users\maxime\onedrive - lecnam\vidock\vidocklab\vidocklab\x64\debug\vidocklab.tlog\copyfile.write.1.tlog
d:\users\maxime\onedrive - lecnam\vidock\vidocklab\vidocklab\x64\debug\vidocklab.tlog\link.command.1.tlog
d:\users\maxime\onedrive - lecnam\vidock\vidocklab\vidocklab\x64\debug\vidocklab.tlog\link.read.1.tlog
d:\users\maxime\onedrive - lecnam\vidock\vidocklab\vidocklab\x64\debug\vidocklab.tlog\link.write.1.tlog
