  moleculeStatic.cpp
  scene.cpp
D:\Users\Maxime\OneDrive - LECNAM\ViDOCK\Vidocklab\VidockLab\src\vdwSphereRepPerspective.hpp(49,1): warning C4267:  'argument' : conversion de 'size_t' en 'GLsizei', perte possible de données
D:\Users\Maxime\OneDrive - LECNAM\ViDOCK\Vidocklab\VidockLab\third_party\MMTF\include\mmtf\structure_data.hpp(1051,29): warning C4267:  '=' : conversion de 'size_t' en '_Ty', perte possible de données
D:\Users\Maxime\OneDrive - LECNAM\ViDOCK\Vidocklab\VidockLab\third_party\MMTF\include\mmtf\structure_data.hpp(1051,29): warning C4267:         with
D:\Users\Maxime\OneDrive - LECNAM\ViDOCK\Vidocklab\VidockLab\third_party\MMTF\include\mmtf\structure_data.hpp(1051,29): warning C4267:         [
D:\Users\Maxime\OneDrive - LECNAM\ViDOCK\Vidocklab\VidockLab\third_party\MMTF\include\mmtf\structure_data.hpp(1051,29): warning C4267:             _Ty=int32_t
D:\Users\Maxime\OneDrive - LECNAM\ViDOCK\Vidocklab\VidockLab\third_party\MMTF\include\mmtf\structure_data.hpp(1051,29): warning C4267:         ]
D:\Users\Maxime\OneDrive - LECNAM\ViDOCK\Vidocklab\VidockLab\third_party\MMTF\include\mmtf\structure_data.hpp(1064,48): warning C4267:  '=' : conversion de 'size_t' en 'int', perte possible de données
D:\Users\Maxime\OneDrive - LECNAM\ViDOCK\Vidocklab\VidockLab\third_party\MMTF\include\mmtf\structure_data.hpp(1069,52): warning C4267:  '=' : conversion de 'size_t' en 'int', perte possible de données
D:\Users\Maxime\OneDrive - LECNAM\ViDOCK\Vidocklab\VidockLab\third_party\MMTF\include\mmtf\structure_data.hpp(1074,50): warning C4267:  '=' : conversion de 'size_t' en 'int', perte possible de données
D:\Users\Maxime\OneDrive - LECNAM\ViDOCK\Vidocklab\VidockLab\third_party\MMTF\include\mmtf\structure_data.hpp(1133,43): warning C4267:  '+=' : conversion de 'size_t' en 'int', perte possible de données
D:\Users\Maxime\OneDrive - LECNAM\ViDOCK\Vidocklab\VidockLab\third_party\MMTF\include\mmtf\structure_data.hpp(1138,58): warning C4267:  '+=' : conversion de 'size_t' en 'int', perte possible de données
D:\Users\Maxime\OneDrive - LECNAM\ViDOCK\Vidocklab\VidockLab\third_party\MMTF\include\mmtf\structure_data.hpp(1144,41): warning C4267:  '+=' : conversion de 'size_t' en 'int', perte possible de données
D:\Users\Maxime\OneDrive - LECNAM\ViDOCK\Vidocklab\VidockLab\third_party\MMTF\include\mmtf\structure_data.hpp(1149,60): warning C4267:  '+=' : conversion de 'size_t' en 'int', perte possible de données
D:\Users\Maxime\OneDrive - LECNAM\ViDOCK\Vidocklab\VidockLab\third_party\MMTF\include\mmtf\structure_data.hpp(1239,52): warning C4267:  'initialisation' : conversion de 'size_t' en 'int', perte possible de données
D:\Users\Maxime\OneDrive - LECNAM\ViDOCK\Vidocklab\VidockLab\third_party\MMTF\include\mmtf\binary_decoder.hpp(247,1): warning C4267:  'argument' : conversion de 'size_t' en 'int32_t', perte possible de données
D:\Users\Maxime\OneDrive - LECNAM\ViDOCK\Vidocklab\VidockLab\third_party\MMTF\include\mmtf\binary_decoder.hpp(274,1): warning C4267:  'argument' : conversion de 'size_t' en 'int32_t', perte possible de données
D:\Users\Maxime\OneDrive - LECNAM\ViDOCK\Vidocklab\VidockLab\third_party\MMTF\include\mmtf\binary_decoder.hpp(295,1): warning C4267:  'argument' : conversion de 'size_t' en 'int32_t', perte possible de données
D:\Users\Maxime\OneDrive - LECNAM\ViDOCK\Vidocklab\VidockLab\third_party\MMTF\include\mmtf\binary_decoder.hpp(341,1): warning C4267:  'argument' : conversion de 'size_t' en 'int32_t', perte possible de données
D:\Users\Maxime\OneDrive - LECNAM\ViDOCK\Vidocklab\VidockLab\third_party\MMTF\include\mmtf\binary_decoder.hpp(362,1): warning C4267:  'argument' : conversion de 'size_t' en 'int32_t', perte possible de données
D:\Users\Maxime\OneDrive - LECNAM\ViDOCK\Vidocklab\VidockLab\third_party\MMTF\include\mmtf\binary_decoder.hpp(385,1): warning C4267:  'argument' : conversion de 'size_t' en 'int32_t', perte possible de données
D:\Users\Maxime\OneDrive - LECNAM\ViDOCK\Vidocklab\VidockLab\third_party\MMTF\include\mmtf\binary_encoder.hpp(237,37): warning C4267:  'argument' : conversion de 'size_t' en 'uint32_t', perte possible de données
D:\Users\Maxime\OneDrive - LECNAM\ViDOCK\Vidocklab\VidockLab\third_party\MMTF\include\mmtf\binary_encoder.hpp(247,37): warning C4267:  'argument' : conversion de 'size_t' en 'uint32_t', perte possible de données
D:\Users\Maxime\OneDrive - LECNAM\ViDOCK\Vidocklab\VidockLab\third_party\MMTF\include\mmtf\binary_encoder.hpp(259,44): warning C4267:  'argument' : conversion de 'size_t' en 'uint32_t', perte possible de données
D:\Users\Maxime\OneDrive - LECNAM\ViDOCK\Vidocklab\VidockLab\third_party\MMTF\include\mmtf\binary_encoder.hpp(276,36): warning C4267:  'argument' : conversion de 'size_t' en 'uint32_t', perte possible de données
D:\Users\Maxime\OneDrive - LECNAM\ViDOCK\Vidocklab\VidockLab\third_party\MMTF\include\mmtf\binary_encoder.hpp(288,38): warning C4267:  'argument' : conversion de 'size_t' en 'uint32_t', perte possible de données
D:\Users\Maxime\OneDrive - LECNAM\ViDOCK\Vidocklab\VidockLab\third_party\MMTF\include\mmtf\binary_encoder.hpp(300,49): warning C4267:  'argument' : conversion de 'size_t' en 'uint32_t', perte possible de données
D:\Users\Maxime\OneDrive - LECNAM\ViDOCK\Vidocklab\VidockLab\third_party\MMTF\include\mmtf\binary_encoder.hpp(313,50): warning C4267:  'argument' : conversion de 'size_t' en 'uint32_t', perte possible de données
  Génération de code en cours...
D:\Users\Maxime\OneDrive - LECNAM\ViDOCK\Vidocklab\VidockLab\third_party\MMTF\include\mmtf\binary_encoder.hpp(327,40): warning C4267:  'argument' : conversion de 'size_t' en 'uint32_t', perte possible de données
  VidockLab.vcxproj -> D:\Users\Maxime\OneDrive - LECNAM\ViDOCK\Vidocklab\x64\Debug\VidockLab.exe
